<?xml version="1.0" encoding="UTF-8"?>
<coverage generated="1619985976175" clover="3.2.0">
  <project timestamp="1619985976175" name="All files">
    <metrics statements="81" coveredstatements="80" conditionals="48" coveredconditionals="47" methods="25" coveredmethods="25" elements="154" coveredelements="152" complexity="0" loc="81" ncloc="81" packages="1" files="2" classes="2"/>
    <file name="basicOperations.js" path="/home/franco/Projects/qa-automation-integration-test/test/basicOperations.js">
      <metrics statements="35" coveredstatements="34" conditionals="4" coveredconditionals="3" methods="19" coveredmethods="19"/>
      <line num="1" count="2" type="stmt"/>
      <line num="2" count="54" type="stmt"/>
      <line num="5" count="2" type="stmt"/>
      <line num="6" count="34" type="stmt"/>
      <line num="9" count="2" type="stmt"/>
      <line num="10" count="11" type="stmt"/>
      <line num="13" count="2" type="stmt"/>
      <line num="14" count="2" type="stmt"/>
      <line num="15" count="2" type="stmt"/>
      <line num="18" count="2" type="stmt"/>
      <line num="19" count="4" type="stmt"/>
      <line num="22" count="2" type="stmt"/>
      <line num="23" count="8" type="stmt"/>
      <line num="26" count="2" type="stmt"/>
      <line num="27" count="2" type="stmt"/>
      <line num="30" count="2" type="stmt"/>
      <line num="31" count="2" type="stmt"/>
      <line num="34" count="2" type="stmt"/>
      <line num="35" count="16" type="stmt"/>
      <line num="36" count="16" type="stmt"/>
      <line num="39" count="2" type="stmt"/>
      <line num="40" count="12" type="stmt"/>
      <line num="43" count="2" type="stmt"/>
      <line num="44" count="6" type="stmt"/>
      <line num="47" count="2" type="stmt"/>
      <line num="48" count="2" type="stmt"/>
      <line num="49" count="12" type="cond" truecount="2" falsecount="0"/>
      <line num="50" count="8" type="stmt"/>
      <line num="52" count="4" type="cond" truecount="1" falsecount="1"/>
      <line num="53" count="4" type="stmt"/>
      <line num="55" count="0" type="stmt"/>
      <line num="59" count="2" type="stmt"/>
      <line num="60" count="10" type="stmt"/>
      <line num="63" count="2" type="stmt"/>
      <line num="64" count="10" type="stmt"/>
    </file>
    <file name="complexOperations.js" path="/home/franco/Projects/qa-automation-integration-test/test/complexOperations.js">
      <metrics statements="46" coveredstatements="46" conditionals="44" coveredconditionals="44" methods="6" coveredmethods="6"/>
      <line num="23" count="2" type="stmt"/>
      <line num="24" count="8" type="cond" truecount="4" falsecount="0"/>
      <line num="25" count="4" type="stmt"/>
      <line num="27" count="4" type="stmt"/>
      <line num="28" count="4" type="cond" truecount="2" falsecount="0"/>
      <line num="29" count="2" type="stmt"/>
      <line num="31" count="2" type="stmt"/>
      <line num="48" count="2" type="cond" truecount="1" falsecount="0"/>
      <line num="49" count="18" type="cond" truecount="4" falsecount="0"/>
      <line num="50" count="4" type="stmt"/>
      <line num="52" count="14" type="cond" truecount="4" falsecount="0"/>
      <line num="53" count="4" type="stmt"/>
      <line num="55" count="10" type="cond" truecount="4" falsecount="0"/>
      <line num="58" count="6" type="stmt"/>
      <line num="60" count="2" type="stmt"/>
      <line num="63" count="2" type="stmt"/>
      <line num="64" count="2" type="stmt"/>
      <line num="88" count="2" type="stmt"/>
      <line num="89" count="6" type="cond" truecount="5" falsecount="0"/>
      <line num="90" count="2" type="stmt"/>
      <line num="92" count="4" type="stmt"/>
      <line num="93" count="4" type="cond" truecount="2" falsecount="0"/>
      <line num="94" count="2" type="stmt"/>
      <line num="96" count="2" type="stmt"/>
      <line num="110" count="2" type="stmt"/>
      <line num="111" count="8" type="cond" truecount="4" falsecount="0"/>
      <line num="112" count="4" type="stmt"/>
      <line num="114" count="4" type="stmt"/>
      <line num="115" count="4" type="cond" truecount="2" falsecount="0"/>
      <line num="116" count="2" type="stmt"/>
      <line num="118" count="2" type="stmt"/>
      <line num="133" count="2" type="stmt"/>
      <line num="134" count="10" type="cond" truecount="2" falsecount="0"/>
      <line num="135" count="2" type="stmt"/>
      <line num="137" count="8" type="cond" truecount="4" falsecount="0"/>
      <line num="138" count="4" type="stmt"/>
      <line num="140" count="4" type="cond" truecount="2" falsecount="0"/>
      <line num="141" count="2" type="stmt"/>
      <line num="143" count="2" type="stmt"/>
      <line num="157" count="2" type="stmt"/>
      <line num="158" count="10" type="cond" truecount="2" falsecount="0"/>
      <line num="159" count="4" type="stmt"/>
      <line num="161" count="6" type="stmt"/>
      <line num="162" count="6" type="cond" truecount="2" falsecount="0"/>
      <line num="163" count="2" type="stmt"/>
      <line num="165" count="4" type="stmt"/>
    </file>
  </project>
</coverage>
