{"/home/franco/Projects/qa-automation-integration-test/test/basicOperations.js": {"path":"/home/franco/Projects/qa-automation-integration-test/test/basicOperations.js","statementMap":{"0":{"start":{"line":1,"column":24},"end":{"line":3,"column":1}},"1":{"start":{"line":2,"column":2},"end":{"line":2,"column":36}},"2":{"start":{"line":5,"column":23},"end":{"line":7,"column":1}},"3":{"start":{"line":6,"column":2},"end":{"line":6,"column":30}},"4":{"start":{"line":9,"column":24},"end":{"line":11,"column":1}},"5":{"start":{"line":10,"column":2},"end":{"line":10,"column":36}},"6":{"start":{"line":13,"column":29},"end":{"line":16,"column":1}},"7":{"start":{"line":14,"column":21},"end":{"line":14,"column":139}},"8":{"start":{"line":15,"column":2},"end":{"line":15,"column":33}},"9":{"start":{"line":18,"column":19},"end":{"line":20,"column":1}},"10":{"start":{"line":19,"column":2},"end":{"line":19,"column":15}},"11":{"start":{"line":22,"column":22},"end":{"line":24,"column":1}},"12":{"start":{"line":23,"column":2},"end":{"line":23,"column":15}},"13":{"start":{"line":26,"column":24},"end":{"line":28,"column":1}},"14":{"start":{"line":27,"column":2},"end":{"line":27,"column":15}},"15":{"start":{"line":30,"column":24},"end":{"line":32,"column":1}},"16":{"start":{"line":31,"column":2},"end":{"line":31,"column":23}},"17":{"start":{"line":34,"column":33},"end":{"line":37,"column":1}},"18":{"start":{"line":35,"column":27},"end":{"line":35,"column":72}},"19":{"start":{"line":36,"column":2},"end":{"line":36,"column":57}},"20":{"start":{"line":39,"column":45},"end":{"line":41,"column":1}},"21":{"start":{"line":40,"column":2},"end":{"line":40,"column":46}},"22":{"start":{"line":40,"column":32},"end":{"line":40,"column":44}},"23":{"start":{"line":43,"column":33},"end":{"line":45,"column":1}},"24":{"start":{"line":44,"column":2},"end":{"line":44,"column":60}},"25":{"start":{"line":44,"column":34},"end":{"line":44,"column":58}},"26":{"start":{"line":47,"column":30},"end":{"line":57,"column":1}},"27":{"start":{"line":48,"column":2},"end":{"line":56,"column":5}},"28":{"start":{"line":49,"column":4},"end":{"line":51,"column":5}},"29":{"start":{"line":50,"column":6},"end":{"line":50,"column":16}},"30":{"start":{"line":52,"column":4},"end":{"line":54,"column":5}},"31":{"start":{"line":53,"column":6},"end":{"line":53,"column":15}},"32":{"start":{"line":55,"column":4},"end":{"line":55,"column":13}},"33":{"start":{"line":59,"column":39},"end":{"line":61,"column":1}},"34":{"start":{"line":60,"column":2},"end":{"line":60,"column":52}},"35":{"start":{"line":60,"column":33},"end":{"line":60,"column":50}},"36":{"start":{"line":63,"column":38},"end":{"line":65,"column":1}},"37":{"start":{"line":64,"column":2},"end":{"line":64,"column":52}},"38":{"start":{"line":64,"column":33},"end":{"line":64,"column":50}}},"fnMap":{"0":{"name":"(anonymous_0)","decl":{"start":{"line":1,"column":24},"end":{"line":1,"column":25}},"loc":{"start":{"line":1,"column":34},"end":{"line":3,"column":1}},"line":1},"1":{"name":"(anonymous_1)","decl":{"start":{"line":5,"column":23},"end":{"line":5,"column":24}},"loc":{"start":{"line":5,"column":32},"end":{"line":7,"column":1}},"line":5},"2":{"name":"(anonymous_2)","decl":{"start":{"line":9,"column":24},"end":{"line":9,"column":25}},"loc":{"start":{"line":9,"column":34},"end":{"line":11,"column":1}},"line":9},"3":{"name":"(anonymous_3)","decl":{"start":{"line":13,"column":29},"end":{"line":13,"column":30}},"loc":{"start":{"line":13,"column":39},"end":{"line":16,"column":1}},"line":13},"4":{"name":"(anonymous_4)","decl":{"start":{"line":18,"column":19},"end":{"line":18,"column":20}},"loc":{"start":{"line":18,"column":29},"end":{"line":20,"column":1}},"line":18},"5":{"name":"(anonymous_5)","decl":{"start":{"line":22,"column":22},"end":{"line":22,"column":23}},"loc":{"start":{"line":22,"column":32},"end":{"line":24,"column":1}},"line":22},"6":{"name":"(anonymous_6)","decl":{"start":{"line":26,"column":24},"end":{"line":26,"column":25}},"loc":{"start":{"line":26,"column":34},"end":{"line":28,"column":1}},"line":26},"7":{"name":"(anonymous_7)","decl":{"start":{"line":30,"column":24},"end":{"line":30,"column":25}},"loc":{"start":{"line":30,"column":34},"end":{"line":32,"column":1}},"line":30},"8":{"name":"(anonymous_8)","decl":{"start":{"line":34,"column":33},"end":{"line":34,"column":34}},"loc":{"start":{"line":34,"column":45},"end":{"line":37,"column":1}},"line":34},"9":{"name":"(anonymous_9)","decl":{"start":{"line":39,"column":45},"end":{"line":39,"column":46}},"loc":{"start":{"line":39,"column":61},"end":{"line":41,"column":1}},"line":39},"10":{"name":"(anonymous_10)","decl":{"start":{"line":40,"column":21},"end":{"line":40,"column":22}},"loc":{"start":{"line":40,"column":32},"end":{"line":40,"column":44}},"line":40},"11":{"name":"(anonymous_11)","decl":{"start":{"line":43,"column":33},"end":{"line":43,"column":34}},"loc":{"start":{"line":43,"column":53},"end":{"line":45,"column":1}},"line":43},"12":{"name":"(anonymous_12)","decl":{"start":{"line":44,"column":23},"end":{"line":44,"column":24}},"loc":{"start":{"line":44,"column":34},"end":{"line":44,"column":58}},"line":44},"13":{"name":"(anonymous_13)","decl":{"start":{"line":47,"column":30},"end":{"line":47,"column":31}},"loc":{"start":{"line":47,"column":46},"end":{"line":57,"column":1}},"line":47},"14":{"name":"(anonymous_14)","decl":{"start":{"line":48,"column":20},"end":{"line":48,"column":21}},"loc":{"start":{"line":48,"column":29},"end":{"line":56,"column":3}},"line":48},"15":{"name":"(anonymous_15)","decl":{"start":{"line":59,"column":39},"end":{"line":59,"column":40}},"loc":{"start":{"line":59,"column":50},"end":{"line":61,"column":1}},"line":59},"16":{"name":"(anonymous_16)","decl":{"start":{"line":60,"column":22},"end":{"line":60,"column":23}},"loc":{"start":{"line":60,"column":33},"end":{"line":60,"column":50}},"line":60},"17":{"name":"(anonymous_17)","decl":{"start":{"line":63,"column":38},"end":{"line":63,"column":39}},"loc":{"start":{"line":63,"column":49},"end":{"line":65,"column":1}},"line":63},"18":{"name":"(anonymous_18)","decl":{"start":{"line":64,"column":22},"end":{"line":64,"column":23}},"loc":{"start":{"line":64,"column":33},"end":{"line":64,"column":50}},"line":64}},"branchMap":{"0":{"loc":{"start":{"line":49,"column":4},"end":{"line":51,"column":5}},"type":"if","locations":[{"start":{"line":49,"column":4},"end":{"line":51,"column":5}},{"start":{"line":49,"column":4},"end":{"line":51,"column":5}}],"line":49},"1":{"loc":{"start":{"line":52,"column":4},"end":{"line":54,"column":5}},"type":"if","locations":[{"start":{"line":52,"column":4},"end":{"line":54,"column":5}},{"start":{"line":52,"column":4},"end":{"line":54,"column":5}}],"line":52}},"s":{"0":2,"1":54,"2":2,"3":34,"4":2,"5":11,"6":2,"7":2,"8":2,"9":2,"10":4,"11":2,"12":8,"13":2,"14":2,"15":2,"16":2,"17":2,"18":16,"19":16,"20":2,"21":4,"22":12,"23":2,"24":4,"25":6,"26":2,"27":2,"28":12,"29":8,"30":4,"31":4,"32":0,"33":2,"34":4,"35":10,"36":2,"37":4,"38":10},"f":{"0":54,"1":34,"2":11,"3":2,"4":4,"5":8,"6":2,"7":2,"8":16,"9":4,"10":12,"11":4,"12":6,"13":2,"14":12,"15":4,"16":10,"17":4,"18":10},"b":{"0":[8,4],"1":[4,0]},"_coverageSchema":"1a1c01bbd47fc00a2c39e90264f33305004495a9","hash":"b2f2c3ec8336cab9622ef75eea65f25331aca38f"}
,"/home/franco/Projects/qa-automation-integration-test/test/complexOperations.js": {"path":"/home/franco/Projects/qa-automation-integration-test/test/complexOperations.js","statementMap":{"0":{"start":{"line":23,"column":26},"end":{"line":32,"column":1}},"1":{"start":{"line":24,"column":2},"end":{"line":26,"column":3}},"2":{"start":{"line":25,"column":4},"end":{"line":25,"column":43}},"3":{"start":{"line":27,"column":23},"end":{"line":27,"column":43}},"4":{"start":{"line":28,"column":2},"end":{"line":30,"column":3}},"5":{"start":{"line":29,"column":4},"end":{"line":29,"column":34}},"6":{"start":{"line":31,"column":2},"end":{"line":31,"column":30}},"7":{"start":{"line":48,"column":29},"end":{"line":69,"column":1}},"8":{"start":{"line":49,"column":2},"end":{"line":51,"column":3}},"9":{"start":{"line":50,"column":4},"end":{"line":50,"column":40}},"10":{"start":{"line":52,"column":2},"end":{"line":54,"column":3}},"11":{"start":{"line":53,"column":4},"end":{"line":53,"column":51}},"12":{"start":{"line":55,"column":2},"end":{"line":68,"column":3}},"13":{"start":{"line":58,"column":6},"end":{"line":58,"column":38}},"14":{"start":{"line":60,"column":6},"end":{"line":60,"column":51}},"15":{"start":{"line":63,"column":20},"end":{"line":63,"column":27}},"16":{"start":{"line":64,"column":6},"end":{"line":64,"column":42}},"17":{"start":{"line":88,"column":30},"end":{"line":97,"column":1}},"18":{"start":{"line":89,"column":2},"end":{"line":91,"column":3}},"19":{"start":{"line":90,"column":4},"end":{"line":90,"column":42}},"20":{"start":{"line":92,"column":20},"end":{"line":92,"column":41}},"21":{"start":{"line":93,"column":2},"end":{"line":95,"column":3}},"22":{"start":{"line":94,"column":4},"end":{"line":94,"column":53}},"23":{"start":{"line":96,"column":2},"end":{"line":96,"column":48}},"24":{"start":{"line":110,"column":41},"end":{"line":119,"column":1}},"25":{"start":{"line":111,"column":2},"end":{"line":113,"column":3}},"26":{"start":{"line":112,"column":4},"end":{"line":112,"column":41}},"27":{"start":{"line":114,"column":23},"end":{"line":114,"column":56}},"28":{"start":{"line":115,"column":2},"end":{"line":117,"column":3}},"29":{"start":{"line":116,"column":4},"end":{"line":116,"column":45}},"30":{"start":{"line":118,"column":2},"end":{"line":118,"column":22}},"31":{"start":{"line":133,"column":39},"end":{"line":144,"column":1}},"32":{"start":{"line":134,"column":2},"end":{"line":136,"column":3}},"33":{"start":{"line":135,"column":4},"end":{"line":135,"column":48}},"34":{"start":{"line":137,"column":2},"end":{"line":139,"column":3}},"35":{"start":{"line":138,"column":4},"end":{"line":138,"column":50}},"36":{"start":{"line":140,"column":2},"end":{"line":142,"column":3}},"37":{"start":{"line":141,"column":4},"end":{"line":141,"column":74}},"38":{"start":{"line":143,"column":2},"end":{"line":143,"column":36}},"39":{"start":{"line":157,"column":41},"end":{"line":169,"column":1}},"40":{"start":{"line":158,"column":2},"end":{"line":160,"column":3}},"41":{"start":{"line":159,"column":4},"end":{"line":159,"column":42}},"42":{"start":{"line":161,"column":29},"end":{"line":161,"column":50}},"43":{"start":{"line":162,"column":2},"end":{"line":164,"column":3}},"44":{"start":{"line":163,"column":4},"end":{"line":163,"column":48}},"45":{"start":{"line":165,"column":2},"end":{"line":168,"column":3}}},"fnMap":{"0":{"name":"(anonymous_0)","decl":{"start":{"line":23,"column":26},"end":{"line":23,"column":27}},"loc":{"start":{"line":23,"column":37},"end":{"line":32,"column":1}},"line":23},"1":{"name":"(anonymous_1)","decl":{"start":{"line":48,"column":29},"end":{"line":48,"column":30}},"loc":{"start":{"line":48,"column":63},"end":{"line":69,"column":1}},"line":48},"2":{"name":"(anonymous_2)","decl":{"start":{"line":88,"column":30},"end":{"line":88,"column":31}},"loc":{"start":{"line":88,"column":61},"end":{"line":97,"column":1}},"line":88},"3":{"name":"(anonymous_3)","decl":{"start":{"line":110,"column":41},"end":{"line":110,"column":42}},"loc":{"start":{"line":110,"column":61},"end":{"line":119,"column":1}},"line":110},"4":{"name":"(anonymous_4)","decl":{"start":{"line":133,"column":39},"end":{"line":133,"column":40}},"loc":{"start":{"line":133,"column":55},"end":{"line":144,"column":1}},"line":133},"5":{"name":"(anonymous_5)","decl":{"start":{"line":157,"column":41},"end":{"line":157,"column":42}},"loc":{"start":{"line":157,"column":52},"end":{"line":169,"column":1}},"line":157}},"branchMap":{"0":{"loc":{"start":{"line":24,"column":2},"end":{"line":26,"column":3}},"type":"if","locations":[{"start":{"line":24,"column":2},"end":{"line":26,"column":3}},{"start":{"line":24,"column":2},"end":{"line":26,"column":3}}],"line":24},"1":{"loc":{"start":{"line":24,"column":6},"end":{"line":24,"column":32}},"type":"binary-expr","locations":[{"start":{"line":24,"column":6},"end":{"line":24,"column":12}},{"start":{"line":24,"column":16},"end":{"line":24,"column":32}}],"line":24},"2":{"loc":{"start":{"line":28,"column":2},"end":{"line":30,"column":3}},"type":"if","locations":[{"start":{"line":28,"column":2},"end":{"line":30,"column":3}},{"start":{"line":28,"column":2},"end":{"line":30,"column":3}}],"line":28},"3":{"loc":{"start":{"line":48,"column":47},"end":{"line":48,"column":58}},"type":"default-arg","locations":[{"start":{"line":48,"column":57},"end":{"line":48,"column":58}}],"line":48},"4":{"loc":{"start":{"line":49,"column":2},"end":{"line":51,"column":3}},"type":"if","locations":[{"start":{"line":49,"column":2},"end":{"line":51,"column":3}},{"start":{"line":49,"column":2},"end":{"line":51,"column":3}}],"line":49},"5":{"loc":{"start":{"line":49,"column":6},"end":{"line":49,"column":43}},"type":"binary-expr","locations":[{"start":{"line":49,"column":6},"end":{"line":49,"column":13}},{"start":{"line":49,"column":17},"end":{"line":49,"column":43}}],"line":49},"6":{"loc":{"start":{"line":52,"column":2},"end":{"line":54,"column":3}},"type":"if","locations":[{"start":{"line":52,"column":2},"end":{"line":54,"column":3}},{"start":{"line":52,"column":2},"end":{"line":54,"column":3}}],"line":52},"7":{"loc":{"start":{"line":52,"column":6},"end":{"line":52,"column":46}},"type":"binary-expr","locations":[{"start":{"line":52,"column":6},"end":{"line":52,"column":24}},{"start":{"line":52,"column":28},"end":{"line":52,"column":46}}],"line":52},"8":{"loc":{"start":{"line":55,"column":2},"end":{"line":68,"column":3}},"type":"switch","locations":[{"start":{"line":56,"column":4},"end":{"line":56,"column":21}},{"start":{"line":57,"column":4},"end":{"line":58,"column":38}},{"start":{"line":59,"column":4},"end":{"line":60,"column":51}},{"start":{"line":61,"column":4},"end":{"line":64,"column":42}}],"line":55},"9":{"loc":{"start":{"line":89,"column":2},"end":{"line":91,"column":3}},"type":"if","locations":[{"start":{"line":89,"column":2},"end":{"line":91,"column":3}},{"start":{"line":89,"column":2},"end":{"line":91,"column":3}}],"line":89},"10":{"loc":{"start":{"line":89,"column":6},"end":{"line":89,"column":68}},"type":"binary-expr","locations":[{"start":{"line":89,"column":6},"end":{"line":89,"column":24}},{"start":{"line":89,"column":28},"end":{"line":89,"column":46}},{"start":{"line":89,"column":50},"end":{"line":89,"column":68}}],"line":89},"11":{"loc":{"start":{"line":93,"column":2},"end":{"line":95,"column":3}},"type":"if","locations":[{"start":{"line":93,"column":2},"end":{"line":95,"column":3}},{"start":{"line":93,"column":2},"end":{"line":95,"column":3}}],"line":93},"12":{"loc":{"start":{"line":111,"column":2},"end":{"line":113,"column":3}},"type":"if","locations":[{"start":{"line":111,"column":2},"end":{"line":113,"column":3}},{"start":{"line":111,"column":2},"end":{"line":113,"column":3}}],"line":111},"13":{"loc":{"start":{"line":111,"column":6},"end":{"line":111,"column":42}},"type":"binary-expr","locations":[{"start":{"line":111,"column":6},"end":{"line":111,"column":22}},{"start":{"line":111,"column":26},"end":{"line":111,"column":42}}],"line":111},"14":{"loc":{"start":{"line":115,"column":2},"end":{"line":117,"column":3}},"type":"if","locations":[{"start":{"line":115,"column":2},"end":{"line":117,"column":3}},{"start":{"line":115,"column":2},"end":{"line":117,"column":3}}],"line":115},"15":{"loc":{"start":{"line":134,"column":2},"end":{"line":136,"column":3}},"type":"if","locations":[{"start":{"line":134,"column":2},"end":{"line":136,"column":3}},{"start":{"line":134,"column":2},"end":{"line":136,"column":3}}],"line":134},"16":{"loc":{"start":{"line":137,"column":2},"end":{"line":139,"column":3}},"type":"if","locations":[{"start":{"line":137,"column":2},"end":{"line":139,"column":3}},{"start":{"line":137,"column":2},"end":{"line":139,"column":3}}],"line":137},"17":{"loc":{"start":{"line":137,"column":6},"end":{"line":137,"column":28}},"type":"binary-expr","locations":[{"start":{"line":137,"column":6},"end":{"line":137,"column":10}},{"start":{"line":137,"column":14},"end":{"line":137,"column":28}}],"line":137},"18":{"loc":{"start":{"line":140,"column":2},"end":{"line":142,"column":3}},"type":"if","locations":[{"start":{"line":140,"column":2},"end":{"line":142,"column":3}},{"start":{"line":140,"column":2},"end":{"line":142,"column":3}}],"line":140},"19":{"loc":{"start":{"line":158,"column":2},"end":{"line":160,"column":3}},"type":"if","locations":[{"start":{"line":158,"column":2},"end":{"line":160,"column":3}},{"start":{"line":158,"column":2},"end":{"line":160,"column":3}}],"line":158},"20":{"loc":{"start":{"line":162,"column":2},"end":{"line":164,"column":3}},"type":"if","locations":[{"start":{"line":162,"column":2},"end":{"line":164,"column":3}},{"start":{"line":162,"column":2},"end":{"line":164,"column":3}}],"line":162}},"s":{"0":2,"1":8,"2":4,"3":4,"4":4,"5":2,"6":2,"7":2,"8":18,"9":4,"10":14,"11":4,"12":10,"13":6,"14":2,"15":2,"16":2,"17":2,"18":6,"19":2,"20":4,"21":4,"22":2,"23":2,"24":2,"25":8,"26":4,"27":4,"28":4,"29":2,"30":2,"31":2,"32":10,"33":2,"34":8,"35":4,"36":4,"37":2,"38":2,"39":2,"40":10,"41":4,"42":6,"43":6,"44":2,"45":4},"f":{"0":8,"1":18,"2":6,"3":8,"4":10,"5":10},"b":{"0":[4,4],"1":[8,6],"2":[2,2],"3":[10],"4":[4,14],"5":[18,16],"6":[4,10],"7":[14,10],"8":[4,6,2,2],"9":[2,4],"10":[6,4,4],"11":[2,2],"12":[4,4],"13":[8,6],"14":[2,2],"15":[2,8],"16":[4,4],"17":[8,6],"18":[2,2],"19":[4,6],"20":[2,4]},"_coverageSchema":"1a1c01bbd47fc00a2c39e90264f33305004495a9","hash":"6fb558ff0b599fc9059208d6edf82d79d6802041"}
}
