TN:
SF:basicOperations.js
FN:1,(anonymous_0)
FN:5,(anonymous_1)
FN:9,(anonymous_2)
FN:13,(anonymous_3)
FN:18,(anonymous_4)
FN:22,(anonymous_5)
FN:26,(anonymous_6)
FN:30,(anonymous_7)
FN:34,(anonymous_8)
FN:39,(anonymous_9)
FN:40,(anonymous_10)
FN:43,(anonymous_11)
FN:44,(anonymous_12)
FN:47,(anonymous_13)
FN:48,(anonymous_14)
FN:59,(anonymous_15)
FN:60,(anonymous_16)
FN:63,(anonymous_17)
FN:64,(anonymous_18)
FNF:19
FNH:19
FNDA:27,(anonymous_0)
FNDA:17,(anonymous_1)
FNDA:6,(anonymous_2)
FNDA:2,(anonymous_3)
FNDA:2,(anonymous_4)
FNDA:4,(anonymous_5)
FNDA:1,(anonymous_6)
FNDA:1,(anonymous_7)
FNDA:8,(anonymous_8)
FNDA:2,(anonymous_9)
FNDA:6,(anonymous_10)
FNDA:2,(anonymous_11)
FNDA:3,(anonymous_12)
FNDA:1,(anonymous_13)
FNDA:6,(anonymous_14)
FNDA:2,(anonymous_15)
FNDA:5,(anonymous_16)
FNDA:2,(anonymous_17)
FNDA:5,(anonymous_18)
DA:1,1
DA:2,27
DA:5,1
DA:6,17
DA:9,1
DA:10,6
DA:13,1
DA:14,2
DA:15,2
DA:18,1
DA:19,2
DA:22,1
DA:23,4
DA:26,1
DA:27,1
DA:30,1
DA:31,1
DA:34,1
DA:35,8
DA:36,8
DA:39,1
DA:40,6
DA:43,1
DA:44,3
DA:47,1
DA:48,1
DA:49,6
DA:50,4
DA:52,2
DA:53,2
DA:55,0
DA:59,1
DA:60,5
DA:63,1
DA:64,5
LF:35
LH:34
BRDA:49,0,0,4
BRDA:49,0,1,2
BRDA:52,1,0,2
BRDA:52,1,1,0
BRF:4
BRH:3
end_of_record
TN:
SF:complexOperations.js
FN:23,(anonymous_0)
FN:48,(anonymous_1)
FN:88,(anonymous_2)
FN:110,(anonymous_3)
FN:133,(anonymous_4)
FN:157,(anonymous_5)
FNF:6
FNH:6
FNDA:4,(anonymous_0)
FNDA:9,(anonymous_1)
FNDA:3,(anonymous_2)
FNDA:4,(anonymous_3)
FNDA:5,(anonymous_4)
FNDA:5,(anonymous_5)
DA:23,1
DA:24,4
DA:25,2
DA:27,2
DA:28,2
DA:29,1
DA:31,1
DA:48,1
DA:49,9
DA:50,2
DA:52,7
DA:53,2
DA:55,5
DA:58,3
DA:60,1
DA:63,1
DA:64,1
DA:88,1
DA:89,3
DA:90,1
DA:92,2
DA:93,2
DA:94,1
DA:96,1
DA:110,1
DA:111,4
DA:112,2
DA:114,2
DA:115,2
DA:116,1
DA:118,1
DA:133,1
DA:134,5
DA:135,1
DA:137,4
DA:138,2
DA:140,2
DA:141,1
DA:143,1
DA:157,1
DA:158,5
DA:159,2
DA:161,3
DA:162,3
DA:163,1
DA:165,2
LF:46
LH:46
BRDA:24,0,0,2
BRDA:24,0,1,2
BRDA:24,1,0,4
BRDA:24,1,1,3
BRDA:28,2,0,1
BRDA:28,2,1,1
BRDA:48,3,0,5
BRDA:49,4,0,2
BRDA:49,4,1,7
BRDA:49,5,0,9
BRDA:49,5,1,8
BRDA:52,6,0,2
BRDA:52,6,1,5
BRDA:52,7,0,7
BRDA:52,7,1,5
BRDA:55,8,0,2
BRDA:55,8,1,3
BRDA:55,8,2,1
BRDA:55,8,3,1
BRDA:89,9,0,1
BRDA:89,9,1,2
BRDA:89,10,0,3
BRDA:89,10,1,2
BRDA:89,10,2,2
BRDA:93,11,0,1
BRDA:93,11,1,1
BRDA:111,12,0,2
BRDA:111,12,1,2
BRDA:111,13,0,4
BRDA:111,13,1,3
BRDA:115,14,0,1
BRDA:115,14,1,1
BRDA:134,15,0,1
BRDA:134,15,1,4
BRDA:137,16,0,2
BRDA:137,16,1,2
BRDA:137,17,0,4
BRDA:137,17,1,3
BRDA:140,18,0,1
BRDA:140,18,1,1
BRDA:158,19,0,2
BRDA:158,19,1,3
BRDA:162,20,0,1
BRDA:162,20,1,2
BRF:44
BRH:44
end_of_record
