TN:
SF:test/basicOperations.js
FN:1,(anonymous_0)
FN:5,(anonymous_1)
FN:9,(anonymous_2)
FN:13,(anonymous_3)
FN:18,(anonymous_4)
FN:22,(anonymous_5)
FN:26,(anonymous_6)
FN:30,(anonymous_7)
FN:34,(anonymous_8)
FN:39,(anonymous_9)
FN:40,(anonymous_10)
FN:43,(anonymous_11)
FN:44,(anonymous_12)
FN:47,(anonymous_13)
FN:48,(anonymous_14)
FN:59,(anonymous_15)
FN:60,(anonymous_16)
FN:63,(anonymous_17)
FN:64,(anonymous_18)
FNF:19
FNH:19
FNDA:54,(anonymous_0)
FNDA:34,(anonymous_1)
FNDA:11,(anonymous_2)
FNDA:2,(anonymous_3)
FNDA:4,(anonymous_4)
FNDA:8,(anonymous_5)
FNDA:2,(anonymous_6)
FNDA:2,(anonymous_7)
FNDA:16,(anonymous_8)
FNDA:4,(anonymous_9)
FNDA:12,(anonymous_10)
FNDA:4,(anonymous_11)
FNDA:6,(anonymous_12)
FNDA:2,(anonymous_13)
FNDA:12,(anonymous_14)
FNDA:4,(anonymous_15)
FNDA:10,(anonymous_16)
FNDA:4,(anonymous_17)
FNDA:10,(anonymous_18)
DA:1,2
DA:2,54
DA:5,2
DA:6,34
DA:9,2
DA:10,11
DA:13,2
DA:14,2
DA:15,2
DA:18,2
DA:19,4
DA:22,2
DA:23,8
DA:26,2
DA:27,2
DA:30,2
DA:31,2
DA:34,2
DA:35,16
DA:36,16
DA:39,2
DA:40,12
DA:43,2
DA:44,6
DA:47,2
DA:48,2
DA:49,12
DA:50,8
DA:52,4
DA:53,4
DA:55,0
DA:59,2
DA:60,10
DA:63,2
DA:64,10
LF:35
LH:34
BRDA:49,0,0,8
BRDA:49,0,1,4
BRDA:52,1,0,4
BRDA:52,1,1,0
BRF:4
BRH:3
end_of_record
TN:
SF:test/complexOperations.js
FN:23,(anonymous_0)
FN:48,(anonymous_1)
FN:88,(anonymous_2)
FN:110,(anonymous_3)
FN:133,(anonymous_4)
FN:157,(anonymous_5)
FNF:6
FNH:6
FNDA:8,(anonymous_0)
FNDA:18,(anonymous_1)
FNDA:6,(anonymous_2)
FNDA:8,(anonymous_3)
FNDA:10,(anonymous_4)
FNDA:10,(anonymous_5)
DA:23,2
DA:24,8
DA:25,4
DA:27,4
DA:28,4
DA:29,2
DA:31,2
DA:48,2
DA:49,18
DA:50,4
DA:52,14
DA:53,4
DA:55,10
DA:58,6
DA:60,2
DA:63,2
DA:64,2
DA:88,2
DA:89,6
DA:90,2
DA:92,4
DA:93,4
DA:94,2
DA:96,2
DA:110,2
DA:111,8
DA:112,4
DA:114,4
DA:115,4
DA:116,2
DA:118,2
DA:133,2
DA:134,10
DA:135,2
DA:137,8
DA:138,4
DA:140,4
DA:141,2
DA:143,2
DA:157,2
DA:158,10
DA:159,4
DA:161,6
DA:162,6
DA:163,2
DA:165,4
LF:46
LH:46
BRDA:24,0,0,4
BRDA:24,0,1,4
BRDA:24,1,0,8
BRDA:24,1,1,6
BRDA:28,2,0,2
BRDA:28,2,1,2
BRDA:48,3,0,10
BRDA:49,4,0,4
BRDA:49,4,1,14
BRDA:49,5,0,18
BRDA:49,5,1,16
BRDA:52,6,0,4
BRDA:52,6,1,10
BRDA:52,7,0,14
BRDA:52,7,1,10
BRDA:55,8,0,4
BRDA:55,8,1,6
BRDA:55,8,2,2
BRDA:55,8,3,2
BRDA:89,9,0,2
BRDA:89,9,1,4
BRDA:89,10,0,6
BRDA:89,10,1,4
BRDA:89,10,2,4
BRDA:93,11,0,2
BRDA:93,11,1,2
BRDA:111,12,0,4
BRDA:111,12,1,4
BRDA:111,13,0,8
BRDA:111,13,1,6
BRDA:115,14,0,2
BRDA:115,14,1,2
BRDA:134,15,0,2
BRDA:134,15,1,8
BRDA:137,16,0,4
BRDA:137,16,1,4
BRDA:137,17,0,8
BRDA:137,17,1,6
BRDA:140,18,0,2
BRDA:140,18,1,2
BRDA:158,19,0,4
BRDA:158,19,1,6
BRDA:162,20,0,2
BRDA:162,20,1,4
BRF:44
BRH:44
end_of_record
